<?xml version="1.0" encoding="UTF-8"?>
<!-- Generated by org.testng.reporters.JUnitXMLReporter -->
<testsuite ignored="0" hostname="akilan-18633-gf" failures="0" tests="3" name="Test" time="12.674" errors="0" timestamp="2023-11-04T18:02:19 IST">
  <testcase classname="saucelabdemoTest.TestBackPack" name="testAddBackPack" time="1.198"/>
  <testcase classname="saucelabdemoTest.TestLockedOutUserLogin" name="testLockedOutUserGetsErrorMessage" time="0.799"/>
  <testcase classname="saucelabdemoTest.TestStandardUserLogin" name="testStandardUserCanLogin" time="1.084"/>
</testsuite> <!-- Test -->
