<?xml version="1.0" encoding="UTF-8"?>
<testng-results ignored="0" total="1" passed="1" failed="0" skipped="0">
  <reporter-output>
  </reporter-output>
  <suite started-at="2023-12-25T17:07:59 IST" name="Default suite" finished-at="2023-12-25T17:08:08 IST" duration-ms="9375">
    <groups>
    </groups>
    <test started-at="2023-12-25T17:07:59 IST" name="Default test" finished-at="2023-12-25T17:08:08 IST" duration-ms="9375">
      <class name="saucelabdemoTest.OpenBrowser">
        <test-method signature="openBrowser()[pri:0, instance:saucelabdemoTest.OpenBrowser@4145bad8]" started-at="2023-12-25T17:07:59 IST" name="openBrowser" finished-at="2023-12-25T17:08:08 IST" duration-ms="9335" status="PASS">
          <reporter-output>
          </reporter-output>
        </test-method> <!-- openBrowser -->
      </class> <!-- saucelabdemoTest.OpenBrowser -->
    </test> <!-- Default test -->
  </suite> <!-- Default suite -->
</testng-results>
